Dataset: data/movielens
All dataset files [data\movielens\ratings.txt]
All dataset files size 2079173
Now loading dataset file ratings
Transform data to Convertor successfully!
Split data to train Set and test Set successfully!
Data size of training is 80019
Data size of testing is 19981
Job Setup completed.
Job Train completed.
Job End.
Evaluator value:MAE is 0.7488668276734259
Evaluator value:MPE is 0.987287923527351
Evaluator value:RMSE is 0.9525380098692074
Evaluator value:MSE is 0.9073286602455903
Result path is result/movielens-itemknn-output/itemknn
Dataset: data/nvd/txt
All dataset files [data\nvd\txt\nvd2014CVEIDCWECVSS.txt, data\nvd\txt\nvd2015CVEIDCWECVSS.txt, data\nvd\txt\nvd2016CVEIDCWECVSS.txt, data\nvd\txt\nvd2017CVEIDCWECVSS.txt]
All dataset files size 709049
Now loading dataset file nvd2014CVEIDCWECVSS
Now loading dataset file nvd2015CVEIDCWECVSS
Now loading dataset file nvd2016CVEIDCWECVSS
Now loading dataset file nvd2017CVEIDCWECVSS
Transform data to Convertor successfully!
Split data to train Set and test Set successfully!
Data size of training is 21599
Data size of testing is 5435
Job Setup completed.
Job Train completed.
Job End.
Evaluator value:MAE is 1.760080712619542
Evaluator value:MPE is 1.0
Evaluator value:RMSE is 2.066774755173704
Evaluator value:MSE is 4.271557888623325
Result path is result/nvd/txt-itemknn-output/itemknn
Dataset: data/nvd/txt
All dataset files [data\nvd\txt\nvd2014CVEIDCWECVSS.txt, data\nvd\txt\nvd2015CVEIDCWECVSS.txt, data\nvd\txt\nvd2016CVEIDCWECVSS.txt, data\nvd\txt\nvd2017CVEIDCWECVSS.txt]
All dataset files size 709049
Now loading dataset file nvd2014CVEIDCWECVSS
Now loading dataset file nvd2015CVEIDCWECVSS
Now loading dataset file nvd2016CVEIDCWECVSS
Now loading dataset file nvd2017CVEIDCWECVSS
Transform data to Convertor successfully!
Split data to train Set and test Set successfully!
Data size of training is 21599
Data size of testing is 5435
Job Setup completed.
Job Train completed.
Job End.
Evaluator value:MAE is 1.760080712619542
Evaluator value:MPE is 1.0
Evaluator value:RMSE is 2.066774755173704
Evaluator value:MSE is 4.271557888623325
Result path is result/nvd/txt-itemknn-output/itemknn
